# JRE version: OpenJDK Runtime Environment (8.0_112-b06) (build 1.8.0_112-release-b06)
# Java VM: OpenJDK 64-Bit Server VM (25.112-b06 mixed mode windows-amd64 compressed oops)
Heap:
 PSYoungGen      total 429056K, used 198917K [0x00000000e0000000, 0x00000000ffa00000, 0x0000000100000000)
  eden space 343040K, 55% used [0x00000000e0000000,0x00000000eba55640,0x00000000f4f00000)
  from space 86016K, 9% used [0x00000000f4f00000,0x00000000f56ec030,0x00000000fa300000)
  to   space 81920K, 0% used [0x00000000faa00000,0x00000000faa00000,0x00000000ffa00000)
 ParOldGen       total 342528K, used 219441K [0x00000000a0000000, 0x00000000b4e80000, 0x00000000e0000000)
  object space 342528K, 64% used [0x00000000a0000000,0x00000000ad64c410,0x00000000b4e80000)
 Metaspace       used 82293K, capacity 88426K, committed 88576K, reserved 1126400K
  class space    used 10262K, capacity 11191K, committed 11264K, reserved 1048576K
GC Heap History (10 events):
Event: 1188.957 GC heap before
{Heap before GC invocations=53 (full 6):
 PSYoungGen      total 420864K, used 326489K [0x00000000e0000000, 0x0000000100000000, 0x0000000100000000)
  eden space 326656K, 99% used [0x00000000e0000000,0x00000000f3ec6528,0x00000000f3f00000)
  from space 94208K, 0% used [0x00000000f9b00000,0x00000000f9b10000,0x00000000ff700000)
  to   space 94208K, 0% used [0x00000000f3f00000,0x00000000f3f00000,0x00000000f9b00000)
 ParOldGen       total 342528K, used 218184K [0x00000000a0000000, 0x00000000b4e80000, 0x00000000e0000000)
  object space 342528K, 63% used [0x00000000a0000000,0x00000000ad512010,0x00000000b4e80000)
 Metaspace       used 81173K, capacity 86172K, committed 86528K, reserved 1124352K
  class space    used 10090K, capacity 10892K, committed 11008K, reserved 1048576K
Event: 1188.962 GC heap after
Heap after GC invocations=53 (full 6):
 PSYoungGen      total 420864K, used 64K [0x00000000e0000000, 0x00000000ffe00000, 0x0000000100000000)
  eden space 326656K, 0% used [0x00000000e0000000,0x00000000e0000000,0x00000000f3f00000)
  from space 94208K, 0% used [0x00000000f3f00000,0x00000000f3f10000,0x00000000f9b00000)
  to   space 93184K, 0% used [0x00000000fa300000,0x00000000fa300000,0x00000000ffe00000)
 ParOldGen       total 342528K, used 218216K [0x00000000a0000000, 0x00000000b4e80000, 0x00000000e0000000)
  object space 342528K, 63% used [0x00000000a0000000,0x00000000ad51a010,0x00000000b4e80000)
 Metaspace       used 81173K, capacity 86172K, committed 86528K, reserved 1124352K
  class space    used 10090K, capacity 10892K, committed 11008K, reserved 1048576K
}
Event: 1189.016 GC heap before
{Heap before GC invocations=54 (full 6):
 PSYoungGen      total 420864K, used 326390K [0x00000000e0000000, 0x00000000ffe00000, 0x0000000100000000)
  eden space 326656K, 99% used [0x00000000e0000000,0x00000000f3eada60,0x00000000f3f00000)
  from space 94208K, 0% used [0x00000000f3f00000,0x00000000f3f10000,0x00000000f9b00000)
  to   space 93184K, 0% used [0x00000000fa300000,0x00000000fa300000,0x00000000ffe00000)
 ParOldGen       total 342528K, used 218216K [0x00000000a0000000, 0x00000000b4e80000, 0x00000000e0000000)
  object space 342528K, 63% used [0x00000000a0000000,0x00000000ad51a010,0x00000000b4e80000)
 Metaspace       used 81173K, capacity 86172K, committed 86528K, reserved 1124352K
  class space    used 10090K, capacity 10892K, committed 11008K, reserved 1048576K
Event: 1189.020 GC heap after
Heap after GC invocations=54 (full 6):
 PSYoungGen      total 428032K, used 64K [0x00000000e0000000, 0x00000000ffc00000, 0x0000000100000000)
  eden space 336896K, 0% used [0x00000000e0000000,0x00000000e0000000,0x00000000f4900000)
  from space 91136K, 0% used [0x00000000fa300000,0x00000000fa310000,0x00000000ffc00000)
  to   space 91648K, 0% used [0x00000000f4900000,0x00000000f4900000,0x00000000fa280000)
 ParOldGen       total 342528K, used 218248K [0x00000000a0000000, 0x00000000b4e80000, 0x00000000e0000000)
  object space 342528K, 63% used [0x00000000a0000000,0x00000000ad522010,0x00000000b4e80000)
 Metaspace       used 81173K, capacity 86172K, committed 86528K, reserved 1124352K
  class space    used 10090K, capacity 10892K, committed 11008K, reserved 1048576K
}
Event: 1189.074 GC heap before
{Heap before GC invocations=55 (full 6):
 PSYoungGen      total 428032K, used 336377K [0x00000000e0000000, 0x00000000ffc00000, 0x0000000100000000)
  eden space 336896K, 99% used [0x00000000e0000000,0x00000000f486e6b8,0x00000000f4900000)
  from space 91136K, 0% used [0x00000000fa300000,0x00000000fa310000,0x00000000ffc00000)
  to   space 91648K, 0% used [0x00000000f4900000,0x00000000f4900000,0x00000000fa280000)
 ParOldGen       total 342528K, used 218248K [0x00000000a0000000, 0x00000000b4e80000, 0x00000000e0000000)
  object space 342528K, 63% used [0x00000000a0000000,0x00000000ad522010,0x00000000b4e80000)
 Metaspace       used 81173K, capacity 86172K, committed 86528K, reserved 1124352K
  class space    used 10090K, capacity 10892K, committed 11008K, reserved 1048576K
Event: 1189.077 GC heap after
Heap after GC invocations=55 (full 6):
 PSYoungGen      total 428544K, used 64K [0x00000000e0000000, 0x00000000ffc80000, 0x0000000100000000)
  eden space 336896K, 0% used [0x00000000e0000000,0x00000000e0000000,0x00000000f4900000)
  from space 91648K, 0% used [0x00000000f4900000,0x00000000f4910000,0x00000000fa280000)
  to   space 89600K, 0% used [0x00000000fa500000,0x00000000fa500000,0x00000000ffc80000)
 ParOldGen       total 342528K, used 218280K [0x00000000a0000000, 0x00000000b4e80000, 0x00000000e0000000)
  object space 342528K, 63% used [0x00000000a0000000,0x00000000ad52a010,0x00000000b4e80000)
 Metaspace       used 81173K, capacity 86172K, committed 86528K, reserved 1124352K
  class space    used 10090K, capacity 10892K, committed 11008K, reserved 1048576K
}
Event: 1646.836 GC heap before
{Heap before GC invocations=56 (full 6):
 PSYoungGen      total 428544K, used 336960K [0x00000000e0000000, 0x00000000ffc80000, 0x0000000100000000)
  eden space 336896K, 100% used [0x00000000e0000000,0x00000000f4900000,0x00000000f4900000)
  from space 91648K, 0% used [0x00000000f4900000,0x00000000f4910000,0x00000000fa280000)
  to   space 89600K, 0% used [0x00000000fa500000,0x00000000fa500000,0x00000000ffc80000)
 ParOldGen       total 342528K, used 218280K [0x00000000a0000000, 0x00000000b4e80000, 0x00000000e0000000)
  object space 342528K, 63% used [0x00000000a0000000,0x00000000ad52a010,0x00000000b4e80000)
 Metaspace       used 81987K, capacity 88070K, committed 88320K, reserved 1126400K
  class space    used 10254K, capacity 11183K, committed 11264K, reserved 1048576K
Event: 1646.976 GC heap after
Heap after GC invocations=56 (full 6):
 PSYoungGen      total 427008K, used 5048K [0x00000000e0000000, 0x00000000ff700000, 0x0000000100000000)
  eden space 343040K, 0% used [0x00000000e0000000,0x00000000e0000000,0x00000000f4f00000)
  from space 83968K, 6% used [0x00000000fa500000,0x00000000fa9ee3f0,0x00000000ff700000)
  to   space 86016K, 0% used [0x00000000f4f00000,0x00000000f4f00000,0x00000000fa300000)
 ParOldGen       total 342528K, used 218304K [0x00000000a0000000, 0x00000000b4e80000, 0x00000000e0000000)
  object space 342528K, 63% used [0x00000000a0000000,0x00000000ad530010,0x00000000b4e80000)
 Metaspace       used 81987K, capacity 88070K, committed 88320K, reserved 1126400K
  class space    used 10254K, capacity 11183K, committed 11264K, reserved 1048576K
}
Event: 2085.747 GC heap before
{Heap before GC invocations=57 (full 6):
 PSYoungGen      total 427008K, used 348088K [0x00000000e0000000, 0x00000000ff700000, 0x0000000100000000)
  eden space 343040K, 100% used [0x00000000e0000000,0x00000000f4f00000,0x00000000f4f00000)
  from space 83968K, 6% used [0x00000000fa500000,0x00000000fa9ee3f0,0x00000000ff700000)
  to   space 86016K, 0% used [0x00000000f4f00000,0x00000000f4f00000,0x00000000fa300000)
 ParOldGen       total 342528K, used 218304K [0x00000000a0000000, 0x00000000b4e80000, 0x00000000e0000000)
  object space 342528K, 63% used [0x00000000a0000000,0x00000000ad530010,0x00000000b4e80000)
 Metaspace       used 82274K, capacity 88426K, committed 88576K, reserved 1126400K
  class space    used 10262K, capacity 11191K, committed 11264K, reserved 1048576K
Event: 2085.766 GC heap after
Heap after GC invocations=57 (full 6):
 PSYoungGen      total 429056K, used 8112K [0x00000000e0000000, 0x00000000ffa00000, 0x0000000100000000)
  eden space 343040K, 0% used [0x00000000e0000000,0x00000000e0000000,0x00000000f4f00000)
  from space 86016K, 9% used [0x00000000f4f00000,0x00000000f56ec030,0x00000000fa300000)
  to   space 81920K, 0% used [0x00000000faa00000,0x00000000faa00000,0x00000000ffa00000)
 ParOldGen       total 342528K, used 219441K [0x00000000a0000000, 0x00000000b4e80000, 0x00000000e0000000)
  object space 342528K, 64% used [0x00000000a0000000,0x00000000ad64c410,0x00000000b4e80000)
 Metaspace       used 82274K, capacity 88426K, committed 88576K, reserved 1126400K
  class space    used 10262K, capacity 11191K, committed 11264K, reserved 1048576K
}

