# JRE version: OpenJDK Runtime Environment (8.0_112-b06) (build 1.8.0_112-release-b06)
# Java VM: OpenJDK 64-Bit Server VM (25.112-b06 mixed mode windows-amd64 compressed oops)
Heap:
 PSYoungGen      total 483328K, used 432309K [0x00000000e0000000, 0x0000000100000000, 0x0000000100000000)
  eden space 443392K, 92% used [0x00000000e0000000,0x00000000f92af0f0,0x00000000fb100000)
  from space 39936K, 49% used [0x00000000fd900000,0x00000000fec7e480,0x0000000100000000)
  to   space 40448K, 0% used [0x00000000fb100000,0x00000000fb100000,0x00000000fd880000)
 ParOldGen       total 144896K, used 87773K [0x00000000a0000000, 0x00000000a8d80000, 0x00000000e0000000)
  object space 144896K, 60% used [0x00000000a0000000,0x00000000a55b75d0,0x00000000a8d80000)
 Metaspace       used 74703K, capacity 78100K, committed 78424K, reserved 1118208K
  class space    used 9363K, capacity 10032K, committed 10112K, reserved 1048576K
GC Heap History (10 events):
Event: 675.789 GC heap before
{Heap before GC invocations=19 (full 3):
 PSYoungGen      total 275456K, used 255199K [0x00000000e0000000, 0x00000000fb600000, 0x0000000100000000)
  eden space 236544K, 99% used [0x00000000e0000000,0x00000000ee6db960,0x00000000ee700000)
  from space 38912K, 48% used [0x00000000ee700000,0x00000000ef95c698,0x00000000f0d00000)
  to   space 37376K, 0% used [0x00000000f9180000,0x00000000f9180000,0x00000000fb600000)
 ParOldGen       total 144896K, used 64853K [0x00000000a0000000, 0x00000000a8d80000, 0x00000000e0000000)
  object space 144896K, 44% used [0x00000000a0000000,0x00000000a3f557e8,0x00000000a8d80000)
 Metaspace       used 70615K, capacity 73788K, committed 73944K, reserved 1114112K
  class space    used 9030K, capacity 9628K, committed 9728K, reserved 1048576K
Event: 675.809 GC heap after
Heap after GC invocations=19 (full 3):
 PSYoungGen      total 411648K, used 10168K [0x00000000e0000000, 0x00000000fb600000, 0x0000000100000000)
  eden space 374272K, 0% used [0x00000000e0000000,0x00000000e0000000,0x00000000f6d80000)
  from space 37376K, 27% used [0x00000000f9180000,0x00000000f9b6e238,0x00000000fb600000)
  to   space 36864K, 0% used [0x00000000f6d80000,0x00000000f6d80000,0x00000000f9180000)
 ParOldGen       total 144896K, used 71861K [0x00000000a0000000, 0x00000000a8d80000, 0x00000000e0000000)
  object space 144896K, 49% used [0x00000000a0000000,0x00000000a462d490,0x00000000a8d80000)
 Metaspace       used 70615K, capacity 73788K, committed 73944K, reserved 1114112K
  class space    used 9030K, capacity 9628K, committed 9728K, reserved 1048576K
}
Event: 675.875 GC heap before
{Heap before GC invocations=20 (full 3):
 PSYoungGen      total 411648K, used 384359K [0x00000000e0000000, 0x00000000fb600000, 0x0000000100000000)
  eden space 374272K, 99% used [0x00000000e0000000,0x00000000f6d6bb08,0x00000000f6d80000)
  from space 37376K, 27% used [0x00000000f9180000,0x00000000f9b6e238,0x00000000fb600000)
  to   space 36864K, 0% used [0x00000000f6d80000,0x00000000f6d80000,0x00000000f9180000)
 ParOldGen       total 144896K, used 71861K [0x00000000a0000000, 0x00000000a8d80000, 0x00000000e0000000)
  object space 144896K, 49% used [0x00000000a0000000,0x00000000a462d490,0x00000000a8d80000)
 Metaspace       used 70615K, capacity 73788K, committed 73944K, reserved 1114112K
  class space    used 9030K, capacity 9628K, committed 9728K, reserved 1048576K
Event: 675.885 GC heap after
Heap after GC invocations=20 (full 3):
 PSYoungGen      total 411136K, used 96K [0x00000000e0000000, 0x0000000100000000, 0x0000000100000000)
  eden space 374272K, 0% used [0x00000000e0000000,0x00000000e0000000,0x00000000f6d80000)
  from space 36864K, 0% used [0x00000000f6d80000,0x00000000f6d98000,0x00000000f9180000)
  to   space 37888K, 0% used [0x00000000fdb00000,0x00000000fdb00000,0x0000000100000000)
 ParOldGen       total 144896K, used 78567K [0x00000000a0000000, 0x00000000a8d80000, 0x00000000e0000000)
  object space 144896K, 54% used [0x00000000a0000000,0x00000000a4cb9fa8,0x00000000a8d80000)
 Metaspace       used 70615K, capacity 73788K, committed 73944K, reserved 1114112K
  class space    used 9030K, capacity 9628K, committed 9728K, reserved 1048576K
}
Event: 682.467 GC heap before
{Heap before GC invocations=21 (full 3):
 PSYoungGen      total 411136K, used 374368K [0x00000000e0000000, 0x0000000100000000, 0x0000000100000000)
  eden space 374272K, 100% used [0x00000000e0000000,0x00000000f6d80000,0x00000000f6d80000)
  from space 36864K, 0% used [0x00000000f6d80000,0x00000000f6d98000,0x00000000f9180000)
  to   space 37888K, 0% used [0x00000000fdb00000,0x00000000fdb00000,0x0000000100000000)
 ParOldGen       total 144896K, used 78567K [0x00000000a0000000, 0x00000000a8d80000, 0x00000000e0000000)
  object space 144896K, 54% used [0x00000000a0000000,0x00000000a4cb9fa8,0x00000000a8d80000)
 Metaspace       used 71534K, capacity 74902K, committed 75096K, reserved 1114112K
  class space    used 9109K, capacity 9789K, committed 9856K, reserved 1048576K
Event: 682.480 GC heap after
Heap after GC invocations=21 (full 3):
 PSYoungGen      total 486400K, used 10307K [0x00000000e0000000, 0x00000000fff00000, 0x0000000100000000)
  eden space 449536K, 0% used [0x00000000e0000000,0x00000000e0000000,0x00000000fb700000)
  from space 36864K, 27% used [0x00000000fdb00000,0x00000000fe510f80,0x00000000fff00000)
  to   space 36864K, 0% used [0x00000000fb700000,0x00000000fb700000,0x00000000fdb00000)
 ParOldGen       total 144896K, used 78607K [0x00000000a0000000, 0x00000000a8d80000, 0x00000000e0000000)
  object space 144896K, 54% used [0x00000000a0000000,0x00000000a4cc3fa8,0x00000000a8d80000)
 Metaspace       used 71534K, capacity 74902K, committed 75096K, reserved 1114112K
  class space    used 9109K, capacity 9789K, committed 9856K, reserved 1048576K
}
Event: 703.558 GC heap before
{Heap before GC invocations=22 (full 3):
 PSYoungGen      total 486400K, used 459843K [0x00000000e0000000, 0x00000000fff00000, 0x0000000100000000)
  eden space 449536K, 100% used [0x00000000e0000000,0x00000000fb700000,0x00000000fb700000)
  from space 36864K, 27% used [0x00000000fdb00000,0x00000000fe510f80,0x00000000fff00000)
  to   space 36864K, 0% used [0x00000000fb700000,0x00000000fb700000,0x00000000fdb00000)
 ParOldGen       total 144896K, used 78607K [0x00000000a0000000, 0x00000000a8d80000, 0x00000000e0000000)
  object space 144896K, 54% used [0x00000000a0000000,0x00000000a4cc3fa8,0x00000000a8d80000)
 Metaspace       used 74531K, capacity 77908K, committed 78168K, reserved 1118208K
  class space    used 9363K, capacity 10032K, committed 10112K, reserved 1048576K
Event: 703.859 GC heap after
Heap after GC invocations=22 (full 3):
 PSYoungGen      total 484352K, used 34569K [0x00000000e0000000, 0x0000000100000000, 0x0000000100000000)
  eden space 449536K, 0% used [0x00000000e0000000,0x00000000e0000000,0x00000000fb700000)
  from space 34816K, 99% used [0x00000000fb700000,0x00000000fd8c2750,0x00000000fd900000)
  to   space 39936K, 0% used [0x00000000fd900000,0x00000000fd900000,0x0000000100000000)
 ParOldGen       total 144896K, used 80911K [0x00000000a0000000, 0x00000000a8d80000, 0x00000000e0000000)
  object space 144896K, 55% used [0x00000000a0000000,0x00000000a4f03f08,0x00000000a8d80000)
 Metaspace       used 74531K, capacity 77908K, committed 78168K, reserved 1118208K
  class space    used 9363K, capacity 10032K, committed 10112K, reserved 1048576K
}
Event: 709.537 GC heap before
{Heap before GC invocations=23 (full 3):
 PSYoungGen      total 484352K, used 484105K [0x00000000e0000000, 0x0000000100000000, 0x0000000100000000)
  eden space 449536K, 100% used [0x00000000e0000000,0x00000000fb700000,0x00000000fb700000)
  from space 34816K, 99% used [0x00000000fb700000,0x00000000fd8c2750,0x00000000fd900000)
  to   space 39936K, 0% used [0x00000000fd900000,0x00000000fd900000,0x0000000100000000)
 ParOldGen       total 144896K, used 80911K [0x00000000a0000000, 0x00000000a8d80000, 0x00000000e0000000)
  object space 144896K, 55% used [0x00000000a0000000,0x00000000a4f03f08,0x00000000a8d80000)
 Metaspace       used 74638K, capacity 78036K, committed 78168K, reserved 1118208K
  class space    used 9363K, capacity 10032K, committed 10112K, reserved 1048576K
Event: 709.578 GC heap after
Heap after GC invocations=23 (full 3):
 PSYoungGen      total 483328K, used 19961K [0x00000000e0000000, 0x0000000100000000, 0x0000000100000000)
  eden space 443392K, 0% used [0x00000000e0000000,0x00000000e0000000,0x00000000fb100000)
  from space 39936K, 49% used [0x00000000fd900000,0x00000000fec7e480,0x0000000100000000)
  to   space 40448K, 0% used [0x00000000fb100000,0x00000000fb100000,0x00000000fd880000)
 ParOldGen       total 144896K, used 87773K [0x00000000a0000000, 0x00000000a8d80000, 0x00000000e0000000)
  object space 144896K, 60% used [0x00000000a0000000,0x00000000a55b75d0,0x00000000a8d80000)
 Metaspace       used 74638K, capacity 78036K, committed 78168K, reserved 1118208K
  class space    used 9363K, capacity 10032K, committed 10112K, reserved 1048576K
}

